<?xml version="1.0" encoding="UTF-8"?>
<!-- Generated by org.testng.reporters.JUnitXMLReporter -->
<testsuite hostname="INAS-LP024" ignored="0" name="Command line test" tests="1" failures="1" timestamp="2021-05-26T22:19:03 IST" time="1.264" errors="0">
  <testcase name="QUAL001" time="0.747" classname="com.QualFlowVRT.testcases.QualificationProcessTest">
    <failure type="org.testng.internal.reflect.MethodMatcherException" message="
[public void com.QualFlowVRT.testcases.QualificationProcessTest.QUAL001(java.lang.String,java.lang.String,java.lang.String,java.lang.String,java.lang.String,java.lang.String,java.lang.String,java.lang.String,java.lang.String) throws java.lang.InterruptedException,java.io.IOException,java.awt.AWTException] has no parameters defined but was found to be using a data provider (either explicitly specified or inherited from class level annotation).
Data provider mismatch
Method: QUAL001([Parameter{index=0, type=java.lang.String, declaredAnnotations=[]}, Parameter{index=1, type=java.lang.String, declaredAnnotations=[]}, Parameter{index=2, type=java.lang.String, declaredAnnotations=[]}, Parameter{index=3, type=java.lang.String, declaredAnnotations=[]}, Parameter{index=4, type=java.lang.String, declaredAnnotations=[]}, Parameter{index=5, type=java.lang.String, declaredAnnotations=[]}, Parameter{index=6, type=java.lang.String, declaredAnnotations=[]}, Parameter{index=7, type=java.lang.String, declaredAnnotations=[]}, Parameter{index=8, type=java.lang.String, declaredAnnotations=[]}])
Arguments: [(java.lang.String) 1,(java.lang.String) 111111,(java.lang.String) Asset01,(java.lang.String) setup-1,(java.lang.String) 10.17.18.61,(java.lang.String) Test1,(java.lang.String) 1,(java.lang.String) A-Asset-Test1]">
      <![CDATA[org.testng.internal.reflect.MethodMatcherException: 
[public void com.QualFlowVRT.testcases.QualificationProcessTest.QUAL001(java.lang.String,java.lang.String,java.lang.String,java.lang.String,java.lang.String,java.lang.String,java.lang.String,java.lang.String,java.lang.String) throws java.lang.InterruptedException,java.io.IOException,java.awt.AWTException] has no parameters defined but was found to be using a data provider (either explicitly specified or inherited from class level annotation).
Data provider mismatch
Method: QUAL001([Parameter{index=0, type=java.lang.String, declaredAnnotations=[]}, Parameter{index=1, type=java.lang.String, declaredAnnotations=[]}, Parameter{index=2, type=java.lang.String, declaredAnnotations=[]}, Parameter{index=3, type=java.lang.String, declaredAnnotations=[]}, Parameter{index=4, type=java.lang.String, declaredAnnotations=[]}, Parameter{index=5, type=java.lang.String, declaredAnnotations=[]}, Parameter{index=6, type=java.lang.String, declaredAnnotations=[]}, Parameter{index=7, type=java.lang.String, declaredAnnotations=[]}, Parameter{index=8, type=java.lang.String, declaredAnnotations=[]}])
Arguments: [(java.lang.String) 1,(java.lang.String) 111111,(java.lang.String) Asset01,(java.lang.String) setup-1,(java.lang.String) 10.17.18.61,(java.lang.String) Test1,(java.lang.String) 1,(java.lang.String) A-Asset-Test1]
at java.util.ArrayList.forEach(ArrayList.java:1257)
at com.QualFlowVRT.testcases.testRunner.main(testRunner.java:33)
... Removed 19 stack frames]]>
    </failure>
  </testcase> <!-- QUAL001 -->
</testsuite> <!-- Command line test -->
