<?xml version="1.0" encoding="UTF-8"?>
<testng-results skipped="0" failed="0" ignored="0" total="2" passed="2">
  <reporter-output>
  </reporter-output>
  <suite name="Default suite" duration-ms="42794" started-at="2021-05-28T19:47:01 IST" finished-at="2021-05-28T19:47:44 IST">
    <groups>
      <group name="Regression">
        <method signature="HitNTrialTests.QUAL001(java.lang.String, java.lang.String, java.lang.String, java.lang.String, java.lang.String, java.lang.String, java.lang.String, java.lang.String, java.lang.String)[pri:0, instance:com.QualFlowVRT.testcases.HitNTrialTests@38bc8ab5]" name="QUAL001" class="com.QualFlowVRT.testcases.HitNTrialTests"/>
      </group> <!-- Regression -->
    </groups>
    <test name="Default test" duration-ms="42794" started-at="2021-05-28T19:47:01 IST" finished-at="2021-05-28T19:47:44 IST">
      <class name="com.QualFlowVRT.testcases.HitNTrialTests">
        <test-method status="PASS" signature="PreSetup()[pri:0, instance:com.QualFlowVRT.testcases.HitNTrialTests@38bc8ab5]" name="PreSetup" is-config="true" duration-ms="192" started-at="2021-05-28T19:47:01 IST" finished-at="2021-05-28T19:47:01 IST">
          <reporter-output>
          </reporter-output>
        </test-method> <!-- PreSetup -->
        <test-method status="PASS" signature="Setup()[pri:0, instance:com.QualFlowVRT.testcases.HitNTrialTests@38bc8ab5]" name="Setup" is-config="true" duration-ms="8294" started-at="2021-05-28T19:47:02 IST" finished-at="2021-05-28T19:47:11 IST">
          <reporter-output>
          </reporter-output>
        </test-method> <!-- Setup -->
        <test-method status="PASS" signature="QUAL001(java.lang.String, java.lang.String, java.lang.String, java.lang.String, java.lang.String, java.lang.String, java.lang.String, java.lang.String, java.lang.String)[pri:0, instance:com.QualFlowVRT.testcases.HitNTrialTests@38bc8ab5]" name="QUAL001" duration-ms="13712" started-at="2021-05-28T19:47:11 IST" description="Qualification process flow" data-provider="QUAL001" finished-at="2021-05-28T19:47:24 IST">
          <params>
            <param index="0">
              <value>
                <![CDATA[1.0]]>
              </value>
            </param>
            <param index="1">
              <value>
                <![CDATA[1]]>
              </value>
            </param>
            <param index="2">
              <value>
                <![CDATA[111111]]>
              </value>
            </param>
            <param index="3">
              <value>
                <![CDATA[Asset01]]>
              </value>
            </param>
            <param index="4">
              <value>
                <![CDATA[setup-1]]>
              </value>
            </param>
            <param index="5">
              <value>
                <![CDATA[10.17.18.61]]>
              </value>
            </param>
            <param index="6">
              <value>
                <![CDATA[Test1]]>
              </value>
            </param>
            <param index="7">
              <value>
                <![CDATA[1]]>
              </value>
            </param>
            <param index="8">
              <value>
                <![CDATA[A-Asset-Test1]]>
              </value>
            </param>
          </params>
          <reporter-output>
          </reporter-output>
        </test-method> <!-- QUAL001 -->
        <test-method status="PASS" signature="Teardown(org.testng.ITestResult)[pri:0, instance:com.QualFlowVRT.testcases.HitNTrialTests@38bc8ab5]" name="Teardown" is-config="true" duration-ms="37" started-at="2021-05-28T19:47:24 IST" finished-at="2021-05-28T19:47:24 IST">
          <params>
            <param index="0">
              <value>
                <![CDATA[[TestResult name=QUAL001 status=SUCCESS method=HitNTrialTests.QUAL001(java.lang.String, java.lang.String, java.lang.String, java.lang.String, java.lang.String, java.lang.String, java.lang.String, java.lang.String, java.lang.String)[pri:0, instance:com.QualFlowVRT.testcases.HitNTrialTests@38bc8ab5] output={null}]]]>
              </value>
            </param>
          </params>
          <reporter-output>
          </reporter-output>
        </test-method> <!-- Teardown -->
        <test-method status="PASS" signature="Setup()[pri:0, instance:com.QualFlowVRT.testcases.HitNTrialTests@38bc8ab5]" name="Setup" is-config="true" duration-ms="5581" started-at="2021-05-28T19:47:24 IST" finished-at="2021-05-28T19:47:30 IST">
          <reporter-output>
          </reporter-output>
        </test-method> <!-- Setup -->
        <test-method status="PASS" signature="QUAL001(java.lang.String, java.lang.String, java.lang.String, java.lang.String, java.lang.String, java.lang.String, java.lang.String, java.lang.String, java.lang.String)[pri:0, instance:com.QualFlowVRT.testcases.HitNTrialTests@38bc8ab5]" name="QUAL001" duration-ms="13814" started-at="2021-05-28T19:47:30 IST" description="Qualification process flow" data-provider="QUAL001" finished-at="2021-05-28T19:47:44 IST">
          <params>
            <param index="0">
              <value>
                <![CDATA[2.0]]>
              </value>
            </param>
            <param index="1">
              <value>
                <![CDATA[1]]>
              </value>
            </param>
            <param index="2">
              <value>
                <![CDATA[111111]]>
              </value>
            </param>
            <param index="3">
              <value>
                <![CDATA[Asset01]]>
              </value>
            </param>
            <param index="4">
              <value>
                <![CDATA[setup-1]]>
              </value>
            </param>
            <param index="5">
              <value>
                <![CDATA[10.17.18.61]]>
              </value>
            </param>
            <param index="6">
              <value>
                <![CDATA[Test1]]>
              </value>
            </param>
            <param index="7">
              <value>
                <![CDATA[1]]>
              </value>
            </param>
            <param index="8">
              <value>
                <![CDATA[A-Asset-Test2]]>
              </value>
            </param>
          </params>
          <reporter-output>
          </reporter-output>
        </test-method> <!-- QUAL001 -->
        <test-method status="PASS" signature="Teardown(org.testng.ITestResult)[pri:0, instance:com.QualFlowVRT.testcases.HitNTrialTests@38bc8ab5]" name="Teardown" is-config="true" duration-ms="39" started-at="2021-05-28T19:47:44 IST" finished-at="2021-05-28T19:47:44 IST">
          <params>
            <param index="0">
              <value>
                <![CDATA[[TestResult name=QUAL001 status=SUCCESS method=HitNTrialTests.QUAL001(java.lang.String, java.lang.String, java.lang.String, java.lang.String, java.lang.String, java.lang.String, java.lang.String, java.lang.String, java.lang.String)[pri:0, instance:com.QualFlowVRT.testcases.HitNTrialTests@38bc8ab5] output={null}]]]>
              </value>
            </param>
          </params>
          <reporter-output>
          </reporter-output>
        </test-method> <!-- Teardown -->
        <test-method status="PASS" signature="endReport_releaseMomory()[pri:0, instance:com.QualFlowVRT.testcases.HitNTrialTests@38bc8ab5]" name="endReport_releaseMomory" is-config="true" duration-ms="329" started-at="2021-05-28T19:47:44 IST" finished-at="2021-05-28T19:47:44 IST">
          <reporter-output>
          </reporter-output>
        </test-method> <!-- endReport_releaseMomory -->
      </class> <!-- com.QualFlowVRT.testcases.HitNTrialTests -->
    </test> <!-- Default test -->
  </suite> <!-- Default suite -->
</testng-results>
